<?xml version="1.0" encoding="UTF-8"?>
<!-- Generated by org.testng.reporters.JUnitXMLReporter -->
<testsuite ignored="0" hostname="DESKTOP-D5U99JC" failures="1" tests="5" name="whatever" time="0.06" errors="0" timestamp="28 Feb 2021 18:33:14 GMT">
  <testcase classname="com.smoketest" name="buyjence" time="0.006"/>
  <testcase classname="com.smoketest" name="buyshart" time="0.002"/>
  <testcase classname="com.smoketest" name="login" time="0.002"/>
  <testcase classname="com.smoketest" name="logout" time="0.001"/>
  <testcase classname="com.smoketest" name="openbrowser" time="0.0">
    <failure type="org.testng.TestNGException" message="
Parameter &amp;apos;browser&amp;apos; is required by @Test on method openbrowser but has not been marked @Optional or defined
in C:\Users\babu0\eclipse-workspace\TestNg\TestNg.xml">
      <![CDATA[org.testng.TestNGException: 
Parameter 'browser' is required by @Test on method openbrowser but has not been marked @Optional or defined
in C:\Users\babu0\eclipse-workspace\TestNg\TestNg.xml
... Removed 24 stack frames]]>
    </failure>
  </testcase> <!-- openbrowser -->
</testsuite> <!-- whatever -->
